This is pdfTeX, Version 3.14159265-2.6-1.40.21 (TeX Live 2020/W32TeX) (preloaded format=pdflatex 2020.4.28)  30 APR 2020 20:11
entering extended mode
 restricted \write18 enabled.
 %&-line parsing enabled.
**template_Article.tex
(./template_Article.tex
LaTeX2e <2020-02-02> patch level 5
L3 programming layer <2020-04-06>
(c:/texlive/2020/texmf-dist/tex/latex/base/article.cls
Document Class: article 2019/12/20 v1.4l Standard LaTeX document class
(c:/texlive/2020/texmf-dist/tex/latex/base/size10.clo
File: size10.clo 2019/12/20 v1.4l Standard LaTeX file (size option)
)
\c@part=\count167
\c@section=\count168
\c@subsection=\count169
\c@subsubsection=\count170
\c@paragraph=\count171
\c@subparagraph=\count172
\c@figure=\count173
\c@table=\count174
\abovecaptionskip=\skip47
\belowcaptionskip=\skip48
\bibindent=\dimen134
)
(c:/texlive/2020/texmf-dist/tex/generic/babel/babel.sty
Package: babel 2020/03/22 3.42 The Babel package

(c:/texlive/2020/texmf-dist/tex/generic/babel/switch.def
File: switch.def 2020/03/22 3.42 Babel switching mechanism
)
(c:/texlive/2020/texmf-dist/tex/generic/babel-italian/italian.ldf
Language: italian 2019/11/16 v.1.4.03 Italian support for the babel system

(c:/texlive/2020/texmf-dist/tex/generic/babel/babel.def
File: babel.def 2020/03/22 3.42 Babel common definitions
\babel@savecnt=\count175
\U@D=\dimen135

(c:/texlive/2020/texmf-dist/tex/generic/babel/txtbabel.def)
\bbl@readstream=\read2
\bbl@dirlevel=\count176
)
\it@lettering=\count177
\it@doublequoteactive=\count178
\it@ISOcompliance=\count179
))
(c:/texlive/2020/texmf-dist/tex/latex/etoolbox/etoolbox.sty
Package: etoolbox 2019/09/21 v2.5h e-TeX tools for LaTeX (JAW)
\etb@tempcnta=\count180
)
(c:/texlive/2020/texmf-dist/tex/latex/base/fontenc.sty
Package: fontenc 2020/02/11 v2.0o Standard LaTeX package
)
(c:/texlive/2020/texmf-dist/tex/latex/base/inputenc.sty
Package: inputenc 2018/08/11 v1.3c Input encoding file
\inpenc@prehook=\toks15
\inpenc@posthook=\toks16
)
(c:/texlive/2020/texmf-dist/tex/latex/hyperref/hyperref.sty
Package: hyperref 2020/01/14 v7.00d Hypertext links for LaTeX

(c:/texlive/2020/texmf-dist/tex/generic/ltxcmds/ltxcmds.sty
Package: ltxcmds 2019/12/15 v1.24 LaTeX kernel commands for general use (HO)
)
(c:/texlive/2020/texmf-dist/tex/generic/iftex/iftex.sty
Package: iftex 2020/03/06 v1.0d TeX engine tests
)
(c:/texlive/2020/texmf-dist/tex/latex/pdftexcmds/pdftexcmds.sty
Package: pdftexcmds 2019/11/24 v0.31 Utility functions of pdfTeX for LuaTeX (HO
)

(c:/texlive/2020/texmf-dist/tex/generic/infwarerr/infwarerr.sty
Package: infwarerr 2019/12/03 v1.5 Providing info/warning/error messages (HO)
)
Package pdftexcmds Info: \pdf@primitive is available.
Package pdftexcmds Info: \pdf@ifprimitive is available.
Package pdftexcmds Info: \pdfdraftmode found.
)
(c:/texlive/2020/texmf-dist/tex/latex/graphics/keyval.sty
Package: keyval 2014/10/28 v1.15 key=value parser (DPC)
\KV@toks@=\toks17
)
(c:/texlive/2020/texmf-dist/tex/generic/kvsetkeys/kvsetkeys.sty
Package: kvsetkeys 2019/12/15 v1.18 Key value parser (HO)
)
(c:/texlive/2020/texmf-dist/tex/generic/kvdefinekeys/kvdefinekeys.sty
Package: kvdefinekeys 2019-12-19 v1.6 Define keys (HO)
)
(c:/texlive/2020/texmf-dist/tex/generic/pdfescape/pdfescape.sty
Package: pdfescape 2019/12/09 v1.15 Implements pdfTeX's escape features (HO)
)
(c:/texlive/2020/texmf-dist/tex/latex/hycolor/hycolor.sty
Package: hycolor 2020-01-27 v1.10 Color options for hyperref/bookmark (HO)
)
(c:/texlive/2020/texmf-dist/tex/latex/letltxmacro/letltxmacro.sty
Package: letltxmacro 2019/12/03 v1.6 Let assignment for LaTeX macros (HO)
)
(c:/texlive/2020/texmf-dist/tex/latex/auxhook/auxhook.sty
Package: auxhook 2019-12-17 v1.6 Hooks for auxiliary files (HO)
)
(c:/texlive/2020/texmf-dist/tex/latex/kvoptions/kvoptions.sty
Package: kvoptions 2019/11/29 v3.13 Key value format for package options (HO)
)
\@linkdim=\dimen136
\Hy@linkcounter=\count181
\Hy@pagecounter=\count182

(c:/texlive/2020/texmf-dist/tex/latex/hyperref/pd1enc.def
File: pd1enc.def 2020/01/14 v7.00d Hyperref: PDFDocEncoding definition (HO)
Now handling font encoding PD1 ...
... no UTF-8 mapping file for font encoding PD1
)
(c:/texlive/2020/texmf-dist/tex/generic/intcalc/intcalc.sty
Package: intcalc 2019/12/15 v1.3 Expandable calculations with integers (HO)
)
(c:/texlive/2020/texmf-dist/tex/generic/etexcmds/etexcmds.sty
Package: etexcmds 2019/12/15 v1.7 Avoid name clashes with e-TeX commands (HO)
)
\Hy@SavedSpaceFactor=\count183
Package hyperref Info: Hyper figures OFF on input line 4547.
Package hyperref Info: Link nesting OFF on input line 4552.
Package hyperref Info: Hyper index ON on input line 4555.
Package hyperref Info: Plain pages OFF on input line 4562.
Package hyperref Info: Backreferencing OFF on input line 4567.
Package hyperref Info: Implicit mode ON; LaTeX internals redefined.
Package hyperref Info: Bookmarks ON on input line 4800.
\c@Hy@tempcnt=\count184

(c:/texlive/2020/texmf-dist/tex/latex/url/url.sty
\Urlmuskip=\muskip16
Package: url 2013/09/16  ver 3.4  Verb mode for urls, etc.
)
LaTeX Info: Redefining \url on input line 5159.
\XeTeXLinkMargin=\dimen137

(c:/texlive/2020/texmf-dist/tex/generic/bitset/bitset.sty
Package: bitset 2019/12/09 v1.3 Handle bit-vector datatype (HO)

(c:/texlive/2020/texmf-dist/tex/generic/bigintcalc/bigintcalc.sty
Package: bigintcalc 2019/12/15 v1.5 Expandable calculations on big integers (HO
)
))
\Fld@menulength=\count185
\Field@Width=\dimen138
\Fld@charsize=\dimen139
Package hyperref Info: Hyper figures OFF on input line 6430.
Package hyperref Info: Link nesting OFF on input line 6435.
Package hyperref Info: Hyper index ON on input line 6438.
Package hyperref Info: backreferencing OFF on input line 6445.
Package hyperref Info: Link coloring OFF on input line 6450.
Package hyperref Info: Link coloring with OCG OFF on input line 6455.
Package hyperref Info: PDF/A mode OFF on input line 6460.
LaTeX Info: Redefining \ref on input line 6500.
LaTeX Info: Redefining \pageref on input line 6504.

(c:/texlive/2020/texmf-dist/tex/generic/atbegshi/atbegshi.sty
Package: atbegshi 2019/12/05 v1.19 At begin shipout hook (HO)
)
\Hy@abspage=\count186
\c@Item=\count187
\c@Hfootnote=\count188
)
Package hyperref Info: Driver (autodetected): hpdftex.

(c:/texlive/2020/texmf-dist/tex/latex/hyperref/hpdftex.def
File: hpdftex.def 2020/01/14 v7.00d Hyperref driver for pdfTeX

(c:/texlive/2020/texmf-dist/tex/latex/atveryend/atveryend.sty
Package: atveryend 2019-12-11 v1.11 Hooks at the very end of document (HO)
)
\Fld@listcount=\count189
\c@bookmark@seq@number=\count190

(c:/texlive/2020/texmf-dist/tex/latex/rerunfilecheck/rerunfilecheck.sty
Package: rerunfilecheck 2019/12/05 v1.9 Rerun checks for auxiliary files (HO)

(c:/texlive/2020/texmf-dist/tex/generic/uniquecounter/uniquecounter.sty
Package: uniquecounter 2019/12/15 v1.4 Provide unlimited unique counter (HO)
)
Package uniquecounter Info: New unique counter `rerunfilecheck' on input line 2
86.
)
\Hy@SectionHShift=\skip49
)
(c:/texlive/2020/texmf-dist/tex/latex/graphics/graphicx.sty
Package: graphicx 2019/11/30 v1.2a Enhanced LaTeX Graphics (DPC,SPQR)

(c:/texlive/2020/texmf-dist/tex/latex/graphics/graphics.sty
Package: graphics 2019/11/30 v1.4a Standard LaTeX Graphics (DPC,SPQR)

(c:/texlive/2020/texmf-dist/tex/latex/graphics/trig.sty
Package: trig 2016/01/03 v1.10 sin cos tan (DPC)
)
(c:/texlive/2020/texmf-dist/tex/latex/graphics-cfg/graphics.cfg
File: graphics.cfg 2016/06/04 v1.11 sample graphics configuration
)
Package graphics Info: Driver file: pdftex.def on input line 105.

(c:/texlive/2020/texmf-dist/tex/latex/graphics-def/pdftex.def
File: pdftex.def 2018/01/08 v1.0l Graphics/color driver for pdftex
))
\Gin@req@height=\dimen140
\Gin@req@width=\dimen141
)
(c:/texlive/2020/texmf-dist/tex/latex/float/float.sty
Package: float 2001/11/08 v1.3d Float enhancements (AL)
\c@float@type=\count191
\float@exts=\toks18
\float@box=\box45
\@float@everytoks=\toks19
\@floatcapt=\box46
)
(c:/texlive/2020/texmf-dist/tex/latex/fancyhdr/fancyhdr.sty
Package: fancyhdr 2019/01/31 v3.10 Extensive control of page headers and footer
s
\f@nch@headwidth=\skip50
\f@nch@O@elh=\skip51
\f@nch@O@erh=\skip52
\f@nch@O@olh=\skip53
\f@nch@O@orh=\skip54
\f@nch@O@elf=\skip55
\f@nch@O@erf=\skip56
\f@nch@O@olf=\skip57
\f@nch@O@orf=\skip58
)
(c:/texlive/2020/texmf-dist/tex/latex/listings/listings.sty
\lst@mode=\count192
\lst@gtempboxa=\box47
\lst@token=\toks20
\lst@length=\count193
\lst@currlwidth=\dimen142
\lst@column=\count194
\lst@pos=\count195
\lst@lostspace=\dimen143
\lst@width=\dimen144
\lst@newlines=\count196
\lst@lineno=\count197
\lst@maxwidth=\dimen145

(c:/texlive/2020/texmf-dist/tex/latex/listings/lstmisc.sty
File: lstmisc.sty 2020/03/24 1.8d (Carsten Heinz)
\c@lstnumber=\count198
\lst@skipnumbers=\count199
\lst@framebox=\box48
)
(c:/texlive/2020/texmf-dist/tex/latex/listings/listings.cfg
File: listings.cfg 2020/03/24 1.8d listings configuration
))
Package: listings 2020/03/24 1.8d (Carsten Heinz)

(c:/texlive/2020/texmf-dist/tex/latex/graphics/color.sty
Package: color 2019/11/23 v1.2a Standard LaTeX Color (DPC)

(c:/texlive/2020/texmf-dist/tex/latex/graphics-cfg/color.cfg
File: color.cfg 2016/01/02 v1.6 sample color configuration
)
Package color Info: Driver file: pdftex.def on input line 147.
)
(c:/texlive/2020/texmf-dist/tex/latex/l3backend/l3backend-pdfmode.def
File: l3backend-pdfmode.def 2020-03-12 L3 backend support: PDF mode
\l__kernel_color_stack_int=\count266
\l__pdf_internal_box=\box49
)
(./template_Article.aux)
\openout1 = `template_Article.aux'.

LaTeX Font Info:    Checking defaults for OML/cmm/m/it on input line 18.
LaTeX Font Info:    ... okay on input line 18.
LaTeX Font Info:    Checking defaults for OMS/cmsy/m/n on input line 18.
LaTeX Font Info:    ... okay on input line 18.
LaTeX Font Info:    Checking defaults for OT1/cmr/m/n on input line 18.
LaTeX Font Info:    ... okay on input line 18.
LaTeX Font Info:    Checking defaults for T1/cmr/m/n on input line 18.
LaTeX Font Info:    ... okay on input line 18.
LaTeX Font Info:    Checking defaults for TS1/cmr/m/n on input line 18.
LaTeX Font Info:    ... okay on input line 18.
LaTeX Font Info:    Checking defaults for OMX/cmex/m/n on input line 18.
LaTeX Font Info:    ... okay on input line 18.
LaTeX Font Info:    Checking defaults for U/cmr/m/n on input line 18.
LaTeX Font Info:    ... okay on input line 18.
LaTeX Font Info:    Checking defaults for PD1/pdf/m/n on input line 18.
LaTeX Font Info:    ... okay on input line 18.
LaTeX Info: Redefining \it@ocap on input line 18.
LaTeX Info: Redefining \it@ccap on input line 18.
\AtBeginShipoutBox=\box50
Package hyperref Info: Link coloring OFF on input line 18.

(c:/texlive/2020/texmf-dist/tex/latex/hyperref/nameref.sty
Package: nameref 2019/09/16 v2.46 Cross-referencing by name of section

(c:/texlive/2020/texmf-dist/tex/latex/refcount/refcount.sty
Package: refcount 2019/12/15 v3.6 Data extraction from label references (HO)
)
(c:/texlive/2020/texmf-dist/tex/generic/gettitlestring/gettitlestring.sty
Package: gettitlestring 2019/12/15 v1.6 Cleanup title references (HO)
)
\c@section@level=\count267
)
LaTeX Info: Redefining \ref on input line 18.
LaTeX Info: Redefining \pageref on input line 18.
LaTeX Info: Redefining \nameref on input line 18.

(./template_Article.out) (./template_Article.out)
\@outlinefile=\write3
\openout3 = `template_Article.out'.


(c:/texlive/2020/texmf-dist/tex/context/base/mkii/supp-pdf.mkii
[Loading MPS to PDF converter (version 2006.09.02).]
\scratchcounter=\count268
\scratchdimen=\dimen146
\scratchbox=\box51
\nofMPsegments=\count269
\nofMParguments=\count270
\everyMPshowfont=\toks21
\MPscratchCnt=\count271
\MPscratchDim=\dimen147
\MPnumerator=\count272
\makeMPintoPDFobject=\count273
\everyMPtoPDFconversion=\toks22
) (c:/texlive/2020/texmf-dist/tex/latex/epstopdf-pkg/epstopdf-base.sty
Package: epstopdf-base 2020-01-24 v2.11 Base part for package epstopdf
Package epstopdf-base Info: Redefining graphics rule for `.eps' on input line 4
85.

(c:/texlive/2020/texmf-dist/tex/latex/latexconfig/epstopdf-sys.cfg
File: epstopdf-sys.cfg 2010/07/13 v1.3 Configuration of (r)epstopdf for TeX Liv
e
))
\c@lstlisting=\count274
LaTeX Font Info:    External font `cmex10' loaded for size
(Font)              <12> on input line 21.
LaTeX Font Info:    External font `cmex10' loaded for size
(Font)              <8> on input line 21.
LaTeX Font Info:    External font `cmex10' loaded for size
(Font)              <6> on input line 21.

(./template_Article.toc
LaTeX Font Info:    External font `cmex10' loaded for size
(Font)              <7> on input line 4.
LaTeX Font Info:    External font `cmex10' loaded for size
(Font)              <5> on input line 4.
)
\tf@toc=\write4
\openout4 = `template_Article.toc'.

 [1

{c:/texlive/2020/texmf-var/fonts/map/pdftex/updmap/pdftex.map}]
<../Img/ArchitetturaMyDFS.png, id=82, 903.375pt x 652.4375pt>
File: ../Img/ArchitetturaMyDFS.png Graphic file (type png)
<use ../Img/ArchitetturaMyDFS.png>
Package pdftex.def Info: ../Img/ArchitetturaMyDFS.png  used on input line 45.
(pdftex.def)             Requested size: 455.24408pt x 328.79639pt.

Overfull \hbox (110.24408pt too wide) in paragraph at lines 45--46
 [][] 
 []

[2pdfTeX warning (ext4): destination with the same identifier (name{figure.1}) 
has been already used, duplicate ignored

\AtBegShi@Output ...ipout \box \AtBeginShipoutBox 
                                                  \fi \fi 
l.57 		\item \textit
                    {\textbf{DataNode}}: è il nodo che si occupa della gest...
 <../Img/ArchitetturaMyDFS.png>] [3] [4]
<../Img/fileSystemTree.png, id=101, 501.875pt x 501.875pt>
File: ../Img/fileSystemTree.png Graphic file (type png)
<use ../Img/fileSystemTree.png>
Package pdftex.def Info: ../Img/fileSystemTree.png  used on input line 108.
(pdftex.def)             Requested size: 170.71652pt x 170.71947pt.
 [5pdfTeX warning (ext4): destination with the same identifier (name{figure.2})
 has been already used, duplicate ignored

\AtBegShi@Output ...ipout \box \AtBeginShipoutBox 
                                                  \fi \fi 
l.131 
       <../Img/fileSystemTree.png>]
<../Img/AsyncServerChecker1.png, id=109, 552.0625pt x 401.5pt>
File: ../Img/AsyncServerChecker1.png Graphic file (type png)
<use ../Img/AsyncServerChecker1.png>
Package pdftex.def Info: ../Img/AsyncServerChecker1.png  used on input line 162
.
(pdftex.def)             Requested size: 227.62204pt x 165.54727pt.


LaTeX Warning: `h' float specifier changed to `ht'.

<../Img/AsyncServerChecker_crash.png, id=110, 552.0625pt x 401.5pt>
File: ../Img/AsyncServerChecker_crash.png Graphic file (type png)
<use ../Img/AsyncServerChecker_crash.png>
Package pdftex.def Info: ../Img/AsyncServerChecker_crash.png  used on input lin
e 175.
(pdftex.def)             Requested size: 227.62204pt x 165.54727pt.
[6] [7pdfTeX warning (ext4): destination with the same identifier (name{figure.
3}) has been already used, duplicate ignored

\AtBegShi@Output ...ipout \box \AtBeginShipoutBox 
                                                  \fi \fi 
l.192 	\item c
              ontrollo della consistenza del fileSystemTreeSlave con il file...
pdfTeX warning (ext4): destination with the same identifier (name{figure.4}) ha
s been already used, duplicate ignored

\AtBegShi@Output ...ipout \box \AtBeginShipoutBox 
                                                  \fi \fi 
l.192 	\item c
              ontrollo della consistenza del fileSystemTreeSlave con il file...
 <../Img/AsyncServerChecker1.png> <../Img/AsyncServerChecker_crash.png>]
<../Img/ReconnecterThread.png, id=126, 501.875pt x 351.3125pt>
File: ../Img/ReconnecterThread.png Graphic file (type png)
<use ../Img/ReconnecterThread.png>
Package pdftex.def Info: ../Img/ReconnecterThread.png  used on input line 199.
(pdftex.def)             Requested size: 227.62204pt x 159.33817pt.

[8pdfTeX warning (ext4): destination with the same identifier (name{figure.5}) 
has been already used, duplicate ignored

\AtBegShi@Output ...ipout \box \AtBeginShipoutBox 
                                                  \fi \fi 
l.223 	\item i
              n caso di successo il serverManager secondario diventa il nuov...
 <../Img/ReconnecterThread.png>]
<../Img/ServerConnectedChecker1.png, id=137, 602.25pt x 401.5pt>
File: ../Img/ServerConnectedChecker1.png Graphic file (type png)
<use ../Img/ServerConnectedChecker1.png>
Package pdftex.def Info: ../Img/ServerConnectedChecker1.png  used on input line
 230.
(pdftex.def)             Requested size: 227.62204pt x 151.75064pt.
<../Img/ServerConnectedChecker2.png, id=138, 602.25pt x 401.5pt>
File: ../Img/ServerConnectedChecker2.png Graphic file (type png)
<use ../Img/ServerConnectedChecker2.png>
Package pdftex.def Info: ../Img/ServerConnectedChecker2.png  used on input line
 237.
(pdftex.def)             Requested size: 227.62204pt x 151.75064pt.
<../Img/ServerConnectedChecker3.png, id=139, 602.25pt x 401.5pt>
File: ../Img/ServerConnectedChecker3.png Graphic file (type png)
<use ../Img/ServerConnectedChecker3.png>
Package pdftex.def Info: ../Img/ServerConnectedChecker3.png  used on input line
 244.
(pdftex.def)             Requested size: 227.62204pt x 151.75064pt.
 [9pdfTeX warning (ext4): destination with the same identifier (name{figure.6})
 has been already used, duplicate ignored

\AtBegShi@Output ...ipout \box \AtBeginShipoutBox 
                                                  \fi \fi 
l.252 
      pdfTeX warning (ext4): destination with the same identifier (name{figure.
7}) has been already used, duplicate ignored

\AtBegShi@Output ...ipout \box \AtBeginShipoutBox 
                                                  \fi \fi 
l.252 
       <../Img/ServerConnectedChecker1.png> <../Img/ServerConnectedChecker2.png
>]
<../Img/SecondaryServerUpdater.png, id=148, 602.25pt x 351.3125pt>
File: ../Img/SecondaryServerUpdater.png Graphic file (type png)
<use ../Img/SecondaryServerUpdater.png>
Package pdftex.def Info: ../Img/SecondaryServerUpdater.png  used on input line 
260.
(pdftex.def)             Requested size: 227.62204pt x 132.78181pt.
<../Img/SecondaryServerUpdater2.png, id=150, 602.25pt x 331.2375pt>
File: ../Img/SecondaryServerUpdater2.png Graphic file (type png)
<use ../Img/SecondaryServerUpdater2.png>
Package pdftex.def Info: ../Img/SecondaryServerUpdater2.png  used on input line
 272.
(pdftex.def)             Requested size: 227.62204pt x 125.19427pt.
 [10pdfTeX warning (ext4): destination with the same identifier (name{figure.8}
) has been already used, duplicate ignored

\AtBegShi@Output ...ipout \box \AtBeginShipoutBox 
                                                  \fi \fi 
l.280 
      pdfTeX warning (ext4): destination with the same identifier (name{figure.
9}) has been already used, duplicate ignored

\AtBegShi@Output ...ipout \box \AtBeginShipoutBox 
                                                  \fi \fi 
l.280 
       <../Img/ServerConnectedChecker3.png> <../Img/SecondaryServerUpdater.png>
]
<../Img/SecondaryServerUpdater3.png, id=161, 602.25pt x 301.125pt>
File: ../Img/SecondaryServerUpdater3.png Graphic file (type png)
<use ../Img/SecondaryServerUpdater3.png>
Package pdftex.def Info: ../Img/SecondaryServerUpdater3.png  used on input line
 300.
(pdftex.def)             Requested size: 244.69386pt x 122.3455pt.
Package atveryend Info: Empty hook `BeforeClearDocument' on input line 308.
 [11pdfTeX warning (ext4): destination with the same identifier (name{figure.10
}) has been already used, duplicate ignored

\AtBegShi@Output ...ipout \box \AtBeginShipoutBox 
                                                  \fi \fi 
l.308 \end{document}
                    pdfTeX warning (ext4): destination with the same identifier
 (name{figure.11}) has been already used, duplicate ignored

\AtBegShi@Output ...ipout \box \AtBeginShipoutBox 
                                                  \fi \fi 
l.308 \end{document}
                     <../Img/SecondaryServerUpdater2.png> <../Img/SecondaryServ
erUpdater3.png>]
Package atveryend Info: Empty hook `AfterLastShipout' on input line 308.
 (./template_Article.aux)
Package atveryend Info: Executing hook `AtVeryEndDocument' on input line 308.
Package atveryend Info: Executing hook `AtEndAfterFileList' on input line 308.
Package rerunfilecheck Info: File `template_Article.out' has not changed.
(rerunfilecheck)             Checksum: E9F2848014BD0FA34589454FF4881204;924.
 ) 
Here is how much of TeX's memory you used:
 8071 strings out of 480607
 119744 string characters out of 5907502
 395918 words of memory out of 5000000
 23785 multiletter control sequences out of 15000+600000
 543727 words of font info for 45 fonts, out of 8000000 for 9000
 1141 hyphenation exceptions out of 8191
 34i,6n,45p,805b,396s stack positions out of 5000i,500n,10000p,200000b,80000s
{c:/texlive/2020/texmf-dist/fonts/enc/dvips/cm-super/cm-super-t1.enc}{c:/texl
ive/2020/texmf-dist/fonts/enc/dvips/cm-super/cm-super-ts1.enc}<c:/texlive/2020/
texmf-dist/fonts/type1/public/cm-super/sfbi1000.pfb><c:/texlive/2020/texmf-dist
/fonts/type1/public/cm-super/sfbx0900.pfb><c:/texlive/2020/texmf-dist/fonts/typ
e1/public/cm-super/sfbx1000.pfb><c:/texlive/2020/texmf-dist/fonts/type1/public/
cm-super/sfbx1200.pfb><c:/texlive/2020/texmf-dist/fonts/type1/public/cm-super/s
fbx1440.pfb><c:/texlive/2020/texmf-dist/fonts/type1/public/cm-super/sfrm0900.pf
b><c:/texlive/2020/texmf-dist/fonts/type1/public/cm-super/sfrm1000.pfb><c:/texl
ive/2020/texmf-dist/fonts/type1/public/cm-super/sfrm1200.pfb><c:/texlive/2020/t
exmf-dist/fonts/type1/public/cm-super/sfrm1728.pfb><c:/texlive/2020/texmf-dist/
fonts/type1/public/cm-super/sfti1000.pfb>
Output written on template_Article.pdf (11 pages, 412018 bytes).
PDF statistics:
 217 PDF objects out of 1000 (max. 8388607)
 170 compressed objects within 2 object streams
 37 named destinations out of 1000 (max. 500000)
 160 words of extra memory for PDF output out of 10000 (max. 10000000)

